c:\users\carlo\onedrive\lesi\2a2s\vc\vc-tp2-18845-19432\vc-tp2\x64\release\vc142.pdb
c:\users\carlo\onedrive\lesi\2a2s\vc\vc-tp2-18845-19432\vc-tp2\x64\release\vc.obj
c:\users\carlo\onedrive\lesi\2a2s\vc\vc-tp2-18845-19432\vc-tp2\x64\release\main.obj
c:\users\carlo\onedrive\lesi\2a2s\vc\vc-tp2-18845-19432\vc-tp2\x64\release\vc-tp2.ipdb
c:\users\carlo\onedrive\lesi\2a2s\vc\vc-tp2-18845-19432\vc-tp2\x64\release\vc-tp2.iobj
c:\users\carlo\onedrive\lesi\2a2s\vc\vc-tp2-18845-19432\vc-tp2\x64\release\main-laptop-cr3hpu3n.obj
c:\users\carlo\onedrive\lesi\2a2s\vc\vc-tp2-18845-19432\vc-tp2\x64\release\vc-tp2-carlos-2.pdb
c:\users\carlo\onedrive\lesi\2a2s\vc\vc-tp2-18845-19432\vc-tp2\x64\release\vc-tp2-carlos.pdb
c:\users\carlo\onedrive\lesi\2a2s\vc\vc-tp2-18845-19432\vc-tp2\x64\release\vc-tp2-laptop-cr3hpu3n-2.pdb
c:\users\carlo\onedrive\lesi\2a2s\vc\vc-tp2-18845-19432\vc-tp2\x64\release\vc-tp2-laptop-cr3hpu3n-3.pdb
c:\users\carlo\onedrive\lesi\2a2s\vc\vc-tp2-18845-19432\vc-tp2\x64\release\vc-tp2-laptop-cr3hpu3n-4.pdb
c:\users\carlo\onedrive\lesi\2a2s\vc\vc-tp2-18845-19432\vc-tp2\x64\release\vc-tp2-laptop-cr3hpu3n.pdb
c:\users\carlo\onedrive\lesi\2a2s\vc\vc-tp2-18845-19432\vc-tp2\x64\release\vc-tp2.pdb
c:\users\carlo\onedrive\lesi\2a2s\vc\vc-tp2-18845-19432\vc-tp2\x64\release\vc-tp2.tlog\cl.command.1.tlog
c:\users\carlo\onedrive\lesi\2a2s\vc\vc-tp2-18845-19432\vc-tp2\x64\release\vc-tp2.tlog\cl.read.1.tlog
c:\users\carlo\onedrive\lesi\2a2s\vc\vc-tp2-18845-19432\vc-tp2\x64\release\vc-tp2.tlog\cl.write.1.tlog
c:\users\carlo\onedrive\lesi\2a2s\vc\vc-tp2-18845-19432\vc-tp2\x64\release\vc-tp2.tlog\link.command.1.tlog
c:\users\carlo\onedrive\lesi\2a2s\vc\vc-tp2-18845-19432\vc-tp2\x64\release\vc-tp2.tlog\link.delete.1.tlog
c:\users\carlo\onedrive\lesi\2a2s\vc\vc-tp2-18845-19432\vc-tp2\x64\release\vc-tp2.tlog\link.read.1.tlog
c:\users\carlo\onedrive\lesi\2a2s\vc\vc-tp2-18845-19432\vc-tp2\x64\release\vc-tp2.tlog\link.write.1.tlog
c:\users\carlo\onedrive\lesi\2a2s\vc\vc-tp2-18845-19432\vc-tp2\x64\release\vc-tp2.tlog\vc-tp2.write.1u.tlog
