  main.cpp
C:\Users\carlo\OneDrive\LESI\2A2S\VC\VC-TP2-18845-19432\VC-TP2\vc.h(11,1): warning C4005: 'MAX': redefinição de macro
C:\opencv\build\include\opencv2\core\cvdef.h(469): message : consulte a definição anterior de 'MAX'
C:\Users\carlo\OneDrive\LESI\2A2S\VC\VC-TP2-18845-19432\VC-TP2\vc.h(12,1): warning C4005: 'MIN': redefinição de macro
C:\opencv\build\include\opencv2\core\cvdef.h(465): message : consulte a definição anterior de 'MIN'
C:\Users\carlo\OneDrive\LESI\2A2S\VC\VC-TP2-18845-19432\VC-TP2\main.cpp(62,6): warning C4101: 'aux': variável local não referenciada
  vc.c
C:\Users\carlo\OneDrive\LESI\2A2S\VC\VC-TP2-18845-19432\VC-TP2\vc.c(245,70): warning C4267: '=': conversão de 'size_t' para 'int', possível perda de dados
C:\Users\carlo\OneDrive\LESI\2A2S\VC\VC-TP2-18845-19432\VC-TP2\vc.c(285,66): warning C4267: '=': conversão de 'size_t' para 'int', possível perda de dados
C:\Users\carlo\OneDrive\LESI\2A2S\VC\VC-TP2-18845-19432\VC-TP2\vc.c(782,32): warning C4244: '=': conversão de 'int' para 'float', possível perda de dados
C:\Users\carlo\OneDrive\LESI\2A2S\VC\VC-TP2-18845-19432\VC-TP2\vc.c(1449,88): warning C4244: '=': conversão de 'int' para 'float', possível perda de dados
C:\Users\carlo\OneDrive\LESI\2A2S\VC\VC-TP2-18845-19432\VC-TP2\vc.c(1450,88): warning C4244: '=': conversão de 'int' para 'float', possível perda de dados
C:\Users\carlo\OneDrive\LESI\2A2S\VC\VC-TP2-18845-19432\VC-TP2\vc.c(1426,20): warning C4101: 'fy': variável local não referenciada
C:\Users\carlo\OneDrive\LESI\2A2S\VC\VC-TP2-18845-19432\VC-TP2\vc.c(1426,16): warning C4101: 'fx': variável local não referenciada
C:\Users\carlo\OneDrive\LESI\2A2S\VC\VC-TP2-18845-19432\VC-TP2\vc.c(1495,96): warning C4244: '=': conversão de 'int' para 'float', possível perda de dados
C:\Users\carlo\OneDrive\LESI\2A2S\VC\VC-TP2-18845-19432\VC-TP2\vc.c(1496,96): warning C4244: '=': conversão de 'int' para 'float', possível perda de dados
C:\Users\carlo\OneDrive\LESI\2A2S\VC\VC-TP2-18845-19432\VC-TP2\vc.c(1472,20): warning C4101: 'fy': variável local não referenciada
C:\Users\carlo\OneDrive\LESI\2A2S\VC\VC-TP2-18845-19432\VC-TP2\vc.c(1472,16): warning C4101: 'fx': variável local não referenciada
C:\Users\carlo\OneDrive\LESI\2A2S\VC\VC-TP2-18845-19432\VC-TP2\vc.c(1539,128): warning C4244: '=': conversão de 'int' para 'float', possível perda de dados
C:\Users\carlo\OneDrive\LESI\2A2S\VC\VC-TP2-18845-19432\VC-TP2\vc.c(1516,20): warning C4101: 'fy': variável local não referenciada
C:\Users\carlo\OneDrive\LESI\2A2S\VC\VC-TP2-18845-19432\VC-TP2\vc.c(1516,24): warning C4101: 'magn': variável local não referenciada
C:\Users\carlo\OneDrive\LESI\2A2S\VC\VC-TP2-18845-19432\VC-TP2\vc.c(1516,16): warning C4101: 'fx': variável local não referenciada
C:\Users\carlo\OneDrive\LESI\2A2S\VC\VC-TP2-18845-19432\VC-TP2\vc.c(1516,12): warning C4101: 'My': variável local não referenciada
C:\Users\carlo\OneDrive\LESI\2A2S\VC\VC-TP2-18845-19432\VC-TP2\vc.c(1699,35): warning C4244: '=': conversão de 'float' para 'unsigned char', possível perda de dados
C:\Users\carlo\OneDrive\LESI\2A2S\VC\VC-TP2-18845-19432\VC-TP2\vc.c(1743,37): warning C4244: 'função': conversão de 'float' para 'int', possível perda de dados
C:\Users\carlo\OneDrive\LESI\2A2S\VC\VC-TP2-18845-19432\VC-TP2\vc.c(1760,32): warning C4101: 'newVal': variável local não referenciada
C:\Users\carlo\OneDrive\LESI\2A2S\VC\VC-TP2-18845-19432\VC-TP2\vc.c(1856,11): warning C4101: 'pos': variável local não referenciada
C:\Users\carlo\OneDrive\LESI\2A2S\VC\VC-TP2-18845-19432\VC-TP2\vc.c(1855,15): warning C4101: 'j': variável local não referenciada
C:\Users\carlo\OneDrive\LESI\2A2S\VC\VC-TP2-18845-19432\VC-TP2\vc.c(1927,15): warning C4101: 'j': variável local não referenciada
C:\Users\carlo\OneDrive\LESI\2A2S\VC\VC-TP2-18845-19432\VC-TP2\vc.c(1927,12): warning C4101: 'i': variável local não referenciada
C:\Users\carlo\OneDrive\LESI\2A2S\VC\VC-TP2-18845-19432\VC-TP2\vc.c(1959,12): warning C4101: 'b': variável local não referenciada
C:\Users\carlo\OneDrive\LESI\2A2S\VC\VC-TP2-18845-19432\VC-TP2\vc.c(1959,9): warning C4101: 'g': variável local não referenciada
C:\Users\carlo\OneDrive\LESI\2A2S\VC\VC-TP2-18845-19432\VC-TP2\vc.c(1959,6): warning C4101: 'r': variável local não referenciada
  Gerando código
  Previous IPDB was built with incompatible compiler, fall back to full compilation.
  All 252 functions were compiled because no usable IPDB/IOBJ from previous compilation was found.
  Finalizada a geração de código
  VC-TP2.vcxproj -> C:\Users\carlo\OneDrive\LESI\2A2S\VC\VC-TP2-18845-19432\VC-TP2\x64\Release\VC-TP2.exe
